<?xml version="1.0" encoding="UTF-8"?>
<!-- Generated by org.testng.reporters.JUnitReportReporter -->
<testsuite name="com.assignment.testcases.Items_WomensSection_TC" tests="1" time="53.098" ignored="0" failures="0" timestamp="13 Jun 2020 11:12:13 GMT" skipped="0" hostname="Vijay-Ca" errors="0">
  <testcase name="seletItem" time="53.098" classname="com.assignment.testcases.Items_WomensSection_TC"/>
</testsuite> <!-- com.assignment.testcases.Items_WomensSection_TC -->
