<?xml version="1.0" encoding="UTF-8"?>
<!-- Generated by org.testng.reporters.JUnitReportReporter -->
<testsuite name="com.assignment.testcases.BookMeetingRoom_TC" tests="8" time="606.862" ignored="2" failures="0" timestamp="25 May 2020 04:39:09 GMT" skipped="0" hostname="Vijay-Ca" errors="0">
  <testcase name="functionality_of_Back_button_from_Review_Booking_screen" time="73.378" classname="com.assignment.testcases.BookMeetingRoom_TC"/>
  <testcase name="verify_navigate_To_BookMeetingRoom_Page" time="45.124" classname="com.assignment.testcases.BookMeetingRoom_TC"/>
  <testcase name="Verify_validation_Message_For_Subject_filed" time="76.947" classname="com.assignment.testcases.BookMeetingRoom_TC"/>
  <testcase name="verify_Booking_not_available_OR_ValidationMessage_For_Duplicate_BookMeetingRoom" time="76.287" classname="com.assignment.testcases.BookMeetingRoom_TC"/>
  <testcase name="bookMeetingRoom_withoutInvitethePeople" time="123.691" classname="com.assignment.testcases.BookMeetingRoom_TC"/>
  <testcase name="verify_CancelBooking_Functionality" time="71.326" classname="com.assignment.testcases.BookMeetingRoom_TC"/>
  <testcase name="verify_SelectedRoom_Location" time="62.161" classname="com.assignment.testcases.BookMeetingRoom_TC"/>
  <testcase name="verify_ValidationMessage_For_Past_DateTime" time="77.948" classname="com.assignment.testcases.BookMeetingRoom_TC"/>
  <testcase name="afterSuite" classname="com.assignment.base.BaseClass">
    <skipped/>
  </testcase> <!-- afterSuite -->
  <testcase name="beforeSuite" classname="com.assignment.base.BaseClass">
    <skipped/>
  </testcase> <!-- beforeSuite -->
</testsuite> <!-- com.assignment.testcases.BookMeetingRoom_TC -->
