<?xml version="1.0" encoding="UTF-8"?>
<!-- Generated by org.testng.reporters.JUnitReportReporter -->
<testsuite name="com.assignment.pages.Demo" tests="1" time="0.007" ignored="0" failures="0" timestamp="15 Jun 2020 10:07:33 GMT" skipped="0" hostname="Vijay-Ca" errors="0">
  <testcase name="seletItem" time="0.007" classname="com.assignment.pages.Demo"/>
</testsuite> <!-- com.assignment.pages.Demo -->
