<?xml version="1.0" encoding="UTF-8"?>
<!-- Generated by org.testng.reporters.JUnitReportReporter -->
<testsuite name="com.assignment.testcases.endToEnd_TC" tests="3" time="162.917" ignored="6" failures="0" timestamp="15 Jun 2020 10:38:31 GMT" skipped="0" hostname="Vijay-Ca" errors="0">
  <testcase name="verifyPlacedOrderFunctionality" time="47.550" classname="com.assignment.testcases.endToEnd_TC"/>
  <testcase name="verifyPlacedOrderWithOrderHistory" time="53.473" classname="com.assignment.testcases.endToEnd_TC"/>
  <testcase name="verifyPlaceOrderWithNewUser" time="61.894" classname="com.assignment.testcases.endToEnd_TC"/>
  <testcase name="afterSuite" classname="com.assignment.base.BaseClass">
    <skipped/>
  </testcase> <!-- afterSuite -->
  <testcase name="afterSuite" classname="com.assignment.base.BaseClass">
    <skipped/>
  </testcase> <!-- afterSuite -->
  <testcase name="afterSuite" classname="com.assignment.base.BaseClass">
    <skipped/>
  </testcase> <!-- afterSuite -->
  <testcase name="beforeSuite" classname="com.assignment.base.BaseClass">
    <skipped/>
  </testcase> <!-- beforeSuite -->
  <testcase name="beforeSuite" classname="com.assignment.base.BaseClass">
    <skipped/>
  </testcase> <!-- beforeSuite -->
  <testcase name="beforeSuite" classname="com.assignment.base.BaseClass">
    <skipped/>
  </testcase> <!-- beforeSuite -->
</testsuite> <!-- com.assignment.testcases.endToEnd_TC -->
