<?xml version="1.0" encoding="UTF-8"?>
<!-- Generated by org.testng.reporters.JUnitReportReporter -->
<testsuite name="com.assignment.testcases.Login_TC" tests="4" time="102.775" ignored="6" failures="0" timestamp="15 Jun 2020 10:38:31 GMT" skipped="0" hostname="Vijay-Ca" errors="0">
  <testcase name="Login_Functionality" time="25.351" classname="com.assignment.testcases.Login_TC"/>
  <testcase name="Login_Functionality" time="25.792" classname="com.assignment.testcases.Login_TC"/>
  <testcase name="Login_Functionality" time="26.082" classname="com.assignment.testcases.Login_TC"/>
  <testcase name="Login_Functionality" time="25.550" classname="com.assignment.testcases.Login_TC"/>
  <testcase name="afterSuite" classname="com.assignment.base.BaseClass">
    <skipped/>
  </testcase> <!-- afterSuite -->
  <testcase name="afterSuite" classname="com.assignment.base.BaseClass">
    <skipped/>
  </testcase> <!-- afterSuite -->
  <testcase name="afterSuite" classname="com.assignment.base.BaseClass">
    <skipped/>
  </testcase> <!-- afterSuite -->
  <testcase name="beforeSuite" classname="com.assignment.base.BaseClass">
    <skipped/>
  </testcase> <!-- beforeSuite -->
  <testcase name="beforeSuite" classname="com.assignment.base.BaseClass">
    <skipped/>
  </testcase> <!-- beforeSuite -->
  <testcase name="beforeSuite" classname="com.assignment.base.BaseClass">
    <skipped/>
  </testcase> <!-- beforeSuite -->
</testsuite> <!-- com.assignment.testcases.Login_TC -->
