<?xml version="1.0" encoding="UTF-8"?>
<!-- Generated by org.testng.reporters.JUnitReportReporter -->
<testsuite name="com.assignment.testcases.CreateAccount_TC" tests="1" time="30.941" ignored="6" failures="0" timestamp="15 Jun 2020 10:38:31 GMT" skipped="0" hostname="Vijay-Ca" errors="0">
  <testcase name="verifyCreateAccountFunctionality" time="30.941" classname="com.assignment.testcases.CreateAccount_TC"/>
  <testcase name="afterSuite" classname="com.assignment.base.BaseClass">
    <skipped/>
  </testcase> <!-- afterSuite -->
  <testcase name="afterSuite" classname="com.assignment.base.BaseClass">
    <skipped/>
  </testcase> <!-- afterSuite -->
  <testcase name="afterSuite" classname="com.assignment.base.BaseClass">
    <skipped/>
  </testcase> <!-- afterSuite -->
  <testcase name="beforeSuite" classname="com.assignment.base.BaseClass">
    <skipped/>
  </testcase> <!-- beforeSuite -->
  <testcase name="beforeSuite" classname="com.assignment.base.BaseClass">
    <skipped/>
  </testcase> <!-- beforeSuite -->
  <testcase name="beforeSuite" classname="com.assignment.base.BaseClass">
    <skipped/>
  </testcase> <!-- beforeSuite -->
</testsuite> <!-- com.assignment.testcases.CreateAccount_TC -->
